\BOOKMARK [0][]{chapter.1}{\376\377\0001\000\040\000W\000p\000r\000o\000w\000a\000d\000z\000e\000n\000i\000e}{}% 1
\BOOKMARK [1][]{section.1.1}{\376\377\0001\000.\0001\000\040\000P\000r\000o\000g\000r\000a\000m\000o\000w\000a\000n\000i\000e}{chapter.1}% 2
\BOOKMARK [2][]{subsection.1.1.1}{\376\377\0001\000.\0001\000.\0001\000\040\000P\000r\000o\000g\000r\000a\000m\000o\000w\000a\000n\000i\000e\000\040\000w\000i\000z\000u\000a\000l\000n\000e}{section.1.1}% 3
\BOOKMARK [2][]{subsection.1.1.2}{\376\377\0001\000.\0001\000.\0002\000\040\000P\000r\000o\000g\000r\000a\000m\000o\000w\000a\000n\000i\000e\000\040\000n\000a\000t\000y\000w\000n\000e}{section.1.1}% 4
\BOOKMARK [1][]{section.1.2}{\376\377\0001\000.\0002\000\040\000C\000e\000l\000\040\000i\000\040\000z\000a\000k\000r\000e\000s\000\040\000p\000r\000a\000c\000y\000\040\000m\000a\000g\000i\000s\000t\000e\000r\000s\000k\000i\000e\000j}{chapter.1}% 5
\BOOKMARK [0][]{chapter.2}{\376\377\0002\000\040\000P\000o\000d\000s\000t\000a\000w\000o\000w\000e\000\040\000p\000o\000j\001\031\000c\000i\000a}{}% 6
\BOOKMARK [1][]{section.2.1}{\376\377\0002\000.\0001\000\040\000A\000p\000p\000\040\000I\000n\000v\000e\000n\000t\000o\000r}{chapter.2}% 7
\BOOKMARK [1][]{section.2.2}{\376\377\0002\000.\0002\000\040\000G\001\102\000\363\000w\000n\000e\000\040\000k\000o\000m\000p\000o\000n\000e\000n\000t\000y}{chapter.2}% 8
\BOOKMARK [2][]{subsection.2.2.1}{\376\377\0002\000.\0002\000.\0001\000\040\000A\000p\000p\000\040\000I\000n\000v\000e\000n\000t\000o\000r\000\040\000D\000e\000s\000i\000g\000n\000e\000r}{section.2.2}% 9
\BOOKMARK [2][]{subsection.2.2.2}{\376\377\0002\000.\0002\000.\0002\000\040\000A\000p\000p\000\040\000I\000n\000v\000e\000n\000t\000o\000r\000\040\000B\000l\000o\000c\000k\000s\000\040\000E\000d\000i\000t\000o\000r}{section.2.2}% 10
\BOOKMARK [2][]{subsection.2.2.3}{\376\377\0002\000.\0002\000.\0003\000\040\000A\000n\000d\000r\000o\000i\000d\000\040\000D\000e\000v\000i\000c\000e\000\040\000E\000m\000u\000l\000a\000t\000o\000r}{section.2.2}% 11
\BOOKMARK [0][]{chapter.3}{\376\377\0003\000\040\000T\000e\000o\000r\000i\000a}{}% 12
\BOOKMARK [1][]{section.3.1}{\376\377\0003\000.\0001\000\040\000W\000s\000t\001\031\000p}{chapter.3}% 13
\BOOKMARK [1][]{section.3.2}{\376\377\0003\000.\0002\000\040\000A\000r\000c\000h\000i\000t\000e\000k\000t\000u\000r\000a}{chapter.3}% 14
\BOOKMARK [2][]{subsection.3.2.1}{\376\377\0003\000.\0002\000.\0001\000\040\000K\000o\000m\000p\000o\000n\000e\000n\000t\000y}{section.3.2}% 15
\BOOKMARK [2][]{subsection.3.2.2}{\376\377\0003\000.\0002\000.\0002\000\040\000Z\000a\000c\000h\000o\000w\000a\000n\000i\000e\000\040\000a\000p\000l\000i\000k\000a\000c\000j\000i}{section.3.2}% 16
\BOOKMARK [1][]{section.3.3}{\376\377\0003\000.\0003\000\040\000D\000e\000b\000u\000g\000o\000w\000a\000n\000i\000e\000\040\000a\000p\000l\000i\000k\000a\000c\000j\000i}{chapter.3}% 17
\BOOKMARK [0][]{chapter.4}{\376\377\0004\000\040\000Z\000a\000s\000t\000o\000s\000o\000w\000a\000n\000e\000\040\000p\000o\000d\000e\000j\001\133\000c\000i\000e}{}% 18
\BOOKMARK [1][]{section.4.1}{\376\377\0004\000.\0001\000\040\000W\000s\000t\001\031\000p}{chapter.4}% 19
\BOOKMARK [1][]{section.4.2}{\376\377\0004\000.\0002\000\040\000D\000a\000l\000v\000i\000k\000\040\000D\000e\000b\000u\000g\000\040\000M\000o\000n\000i\000t\000o\000r}{chapter.4}% 20
\BOOKMARK [1][]{section.4.3}{\376\377\0004\000.\0003\000\040\000Z\000u\001\174\000y\000c\000i\000e\000\040\000p\000r\000o\000c\000e\000s\000o\000r\000a\000\040\000i\000\040\000p\000a\000m\000i\001\031\000c\000i}{chapter.4}% 21
\BOOKMARK [1][]{section.4.4}{\376\377\0004\000.\0004\000\040\000M\000o\001\174\000l\000i\000w\000o\001\133\000c\000i\000\040\000A\000p\000p\000\040\000I\000n\000v\000e\000n\000t\000o\000r\000a}{chapter.4}% 22
\BOOKMARK [1][]{section.4.5}{\376\377\0004\000.\0005\000\040\001\101\000a\000t\000w\000o\001\133\001\007\000\040\000t\000w\000o\000r\000z\000e\000n\000i\000a\000\040\000a\000p\000l\000i\000k\000a\000c\000j\000i}{chapter.4}% 23
\BOOKMARK [0][]{chapter.5}{\376\377\0005\000\040\000W\000y\000n\000i\000k\000i\000\040\000e\000k\000s\000p\000e\000r\000y\000m\000e\000n\000t\000u}{}% 24
\BOOKMARK [1][]{section.5.1}{\376\377\0005\000.\0001\000\040\000S\000t\000w\000o\000r\000z\000o\000n\000e\000\040\000a\000p\000l\000i\000k\000a\000c\000j\000e}{chapter.5}% 25
\BOOKMARK [1][]{section.5.2}{\376\377\0005\000.\0002\000\040\000Z\000a\000l\000e\000t\000y\000\040\000p\000r\000o\000g\000r\000a\000m\000o\000w\000a\000n\000i\000a\000\040\000w\000i\000z\000u\000a\000l\000n\000e\000g\000o}{chapter.5}% 26
\BOOKMARK [1][]{section.5.3}{\376\377\0005\000.\0003\000\040\000W\000a\000d\000y\000\040\000p\000r\000o\000g\000r\000a\000m\000o\000w\000a\000n\000i\000a\000\040\000w\000i\000z\000u\000a\000l\000n\000e\000g\000o}{chapter.5}% 27
\BOOKMARK [0][]{chapter.6}{\376\377\0006\000\040\000P\000o\000w\000i\001\005\000z\000a\000n\000a\000\040\000p\000r\000a\000c\000a}{}% 28
\BOOKMARK [1][]{section.6.1}{\376\377\0006\000.\0001\000\040\000D\000a\000t\000a\000\040\000e\000x\000t\000r\000a\000c\000t\000i\000o\000n}{chapter.6}% 29
\BOOKMARK [1][]{section.6.2}{\376\377\0006\000.\0002\000\040\000I\000n\000d\000u\000c\000t\000i\000v\000e\000\040\000w\000r\000a\000p\000p\000e\000r\000s\000\040\000c\000r\000e\000a\000t\000i\000o\000n}{chapter.6}% 30
\BOOKMARK [0][]{chapter.7}{\376\377\0007\000\040\000C\000o\000n\000c\000l\000u\000s\000i\000o\000n}{}% 31
\BOOKMARK [0][]{appendix.A}{\376\377\000A\000\040\000C\000o\000n\000t\000e\000n\000t\000\040\000o\000f\000\040\000t\000h\000e\000\040\000D\000V\000D}{}% 32
